make all --print-data-base --no-builtin-variables --no-builtin-rules --question
# GNU Make 3.81
# Copyright (C) 2006  Free Software Foundation, Inc.
# This is free software; see the source for copying conditions.
# There is NO warranty; not even for MERCHANTABILITY or FITNESS FOR A
# PARTICULAR PURPOSE.

# This program built for i386-apple-darwin11.3.0
 

# Make data base, printed on Wed Jun  8 16:36:25 2022

# Variables

# automatic
<D = $(patsubst %/,%,$(dir $<))
# automatic
?F = $(notdir $?)
# makefile (from `Makefile', line 6)
SERVER = ghcr.io
# environment
VSCODE_LOG_NATIVE = false
# automatic
?D = $(patsubst %/,%,$(dir $?))
# automatic
@D = $(patsubst %/,%,$(dir $@))
# automatic
@F = $(notdir $@)
# makefile
CURDIR := /Users/puxuan/go/src/github.com/Interstellarss/faas-share
# makefile
SHELL = /bin/sh
# environment
VSCODE_NLS_CONFIG = {"locale":"en-us","availableLanguages":{},"_languagePackSupport":true}
# environment
_ = /usr/bin/make
# environment
TIGRESS_HOME = /Users/puxuan/downloads/tigress/3.1
# makefile (from `Makefile', line 17)
GIT_COMMIT := 710e87a99324043c845bd0c59a46f4e3aa2dfcf3
# makefile (from `Makefile', line 1)
MAKEFILE_LIST :=  Makefile
# environment
VSCODE_AMD_ENTRYPOINT = vs/workbench/api/node/extensionHostProcess
# makefile (from `Makefile', line 16)
VERSION := v0.1.17-dirty
# environment
VSCODE_VERBOSE_LOGGING = true
# environment
__CFBundleIdentifier = com.microsoft.VSCode
# environment
VSCODE_IPC_HOOK_EXTHOST = /var/folders/7m/b3h099s90tgbh61my4m6x9c80000gn/T/vscode-ipc-0b11c8b6-2fdb-4c7b-bd6f-fb4b250fd096.sock
# environment
VSCODE_CWD = /
# environment
GOPROXY = https://proxy.golang.org,direct
# environment
PATH = /opt/homebrew/bin:/Users/puxuan/opt/anaconda3/bin:/Users/puxuan/opt/anaconda3/condabin:/opt/local/bin:/opt/local/sbin:/usr/local/bin:/usr/bin:/bin:/usr/sbin:/sbin:/usr/local/sbin:/Applications/VMware Fusion.app/Contents/Public:/usr/local/go/bin:/usr/local/aria2/bin:/usr/local/share/dotnet:/opt/X11/bin:~/.dotnet/tools:/Library/Apple/usr/bin:/Library/Frameworks/Mono.framework/Versions/Current/Commands:/Users/puxuan/downloads/tigress/3.1
# makefile (from `Makefile', line 2)
IMG_NAME = faas-share
# makefile (from `Makefile', line 13)
CODEGEN_VERSION := 
# makefile (from `Makefile', line 12)
GOPATH := /Users/puxuan/go
# environment
VSCODE_LOG_STACK = false
# environment
ELECTRON_RUN_AS_NODE = 1
# default
.FEATURES := target-specific order-only second-expansion else-if archives jobserver check-symlink
# makefile (from `Makefile', line 4)
TAG = 0.1.17
# environment
SSH_AUTH_SOCK = /private/tmp/com.apple.launchd.JMkvstV1Gh/Listeners
# automatic
%F = $(notdir $%)
# environment
DISPLAY = :0
# environment
CONDA_EXE = /Users/puxuan/opt/anaconda3/bin/conda
# makefile (from `Makefile', line 8)
DOCKER_BUILDKIT = 1
# environment
VSCODE_PIPE_LOGGING = true
# environment
PWD = /Users/puxuan/go/src/github.com/Interstellarss/faas-share
# makefile (from `Makefile', line 10)
TOOLS_DIR := .tools
# environment
ORIGINAL_XDG_CURRENT_DESKTOP = undefined
# environment
GOMODCACHE = /Users/puxuan/go/pkg/mod
# environment
HOME = /Users/puxuan
# default
MAKEFILEPATH := /Applications/Xcode.app/Contents/Developer/Makefiles
# environment
VSCODE_CODE_CACHE_PATH = /Users/puxuan/Library/Application Support/Code/CachedData/c3511e6c69bb39013c4a4b7b9566ec1ca73fc4d5
# environment
LOGNAME = puxuan
# environment
APPLICATION_INSIGHTS_NO_DIAGNOSTIC_CHANNEL = 1
# environment
CONDA_PROMPT_MODIFIER = (base) 
# environment
VSCODE_HANDLES_UNCAUGHT_ERRORS = true
# automatic
^D = $(patsubst %/,%,$(dir $^))
# environment
CONDA_DEFAULT_ENV = base
# environment
XPC_FLAGS = 0x0
# default
MAKE = $(MAKE_COMMAND)
# default
MAKECMDGOALS := all
# environment
SHLVL = 1
# default
MAKE_VERSION := 3.81
# environment
USER = puxuan
# makefile
.DEFAULT_GOAL := all
# automatic
%D = $(patsubst %/,%,$(dir $%))
# makefile (from `Makefile', line 5)
OWNER = interstellarss
# environment
CONDA_SHLVL = 1
# default
MAKE_COMMAND := /Applications/Xcode.app/Contents/Developer/usr/bin/make
# default
.VARIABLES := 
# environment
TMPDIR = /var/folders/7m/b3h099s90tgbh61my4m6x9c80000gn/T/
# automatic
*F = $(notdir $*)
# environment
VSCODE_IPC_HOOK = /Users/puxuan/Library/Application Support/Code/1.67.2-main.sock
# makefile
MAKEFLAGS = Rrqp
# environment
MFLAGS = -Rrqp
# automatic
*D = $(patsubst %/,%,$(dir $*))
# environment
XPC_SERVICE_NAME = application.com.microsoft.VSCode.53095125.53095131
# automatic
+D = $(patsubst %/,%,$(dir $+))
# makefile (from `Makefile', line 14)
CODEGEN_PKG := /Users/puxuan/go/pkg/mod/k8s.io/code-generator@
# automatic
+F = $(notdir $+)
# environment
__CF_USER_TEXT_ENCODING = 0x1F5:0x0:0x0
# environment
COMMAND_MODE = unix2003
# default
MAKEFILES := 
# automatic
<F = $(notdir $<)
# environment
LC_ALL = C
# environment
CONDA_PYTHON_EXE = /Users/puxuan/opt/anaconda3/bin/python
# automatic
^F = $(notdir $^)
# default
SUFFIXES := 
# makefile (from `Makefile', line 7)
DOCKER_CLI_EXPERIMENTAL = enabled
# environment
_CE_M = 
# default
.INCLUDE_DIRS = /usr/local/include
# environment
MAKELEVEL := 0
# environment
CONDA_PREFIX = /Users/puxuan/opt/anaconda3
# environment
VSCODE_PID = 49825
# environment
_CE_CONDA = 
# environment
LANG = C
# variable set hash-table stats:
# Load=86/1024=8%, Rehash=0, Collisions=5/138=4%

# Pattern-specific Variable Values

# No pattern-specific variable values.

# Directories

# . (device 16777223, inode 52289305): 36 files, no impossibilities.

# 36 files, no impossibilities in 1 directories.

# Implicit Rules

# No implicit rules.

# Files

all: build-docker
#  Command-line target.
#  Implicit rule search has been done.
#  File does not exist.
#  File has been updated.
#  Needs to be updated (-q is set).
# variable set hash-table stats:
# Load=0/32=0%, Rehash=0, Collisions=0/8=0%

.PHONY: build local push namespaces install charts start-kind stop-kind build-buildx render-charts build-buildx build-buildx-all publish-buildx-all verify-codegen update-codegen
#  Implicit rule search has not been done.
#  Modification time never checked.
#  File has not been updated.

publish-buildx-all:
#  Phony target (prerequisite of .PHONY).
#  Implicit rule search has not been done.
#  File does not exist.
#  File has not been updated.
#  commands to execute (from `Makefile', line 63):
	@echo  $(SERVER)/$(OWNER)/$(IMG_NAME):$(TAG) && \
	docker buildx create --use --name=multiarch --node=multiarch && \
	docker buildx build \
	--platform linux/amd64,linux/arm/v7,linux/arm64 \
	--push=true \
	--build-arg GIT_COMMIT=$(GIT_COMMIT) \
	--build-arg VERSION=$(VERSION) \
	--tag $(SERVER)/$(OWNER)/$(IMG_NAME):$(TAG) \
	.
	

local:
#  Phony target (prerequisite of .PHONY).
#  Implicit rule search has not been done.
#  File does not exist.
#  File has not been updated.
#  commands to execute (from `Makefile', line 30):
	CGO_ENABLED=0 go build -a -installsuffix cgo -o faas-share
	

stop-kind:
#  Phony target (prerequisite of .PHONY).
#  Implicit rule search has not been done.
#  File does not exist.
#  File has not been updated.
#  commands to execute (from `Makefile', line 91):
	@./contrib/stop_dev.sh
	

/Users/puxuan/go/pkg/mod/k8s.io/code-generator@: .tools/code-generator.mod
#  Implicit rule search has not been done.
#  Modification time never checked.
#  File has not been updated.
#  commands to execute (from `Makefile', line 26):
	@echo "(re)installing k8s.io/code-generator-${CODEGEN_VERSION}"
	@cd $(TOOLS_DIR) && go mod download -modfile=code-generator.mod
	

# Not a target:
.SUFFIXES:
#  Implicit rule search has not been done.
#  Modification time never checked.
#  File has not been updated.

push:
#  Phony target (prerequisite of .PHONY).
#  Implicit rule search has not been done.
#  File does not exist.
#  File has not been updated.
#  commands to execute (from `Makefile', line 74):
	docker push $(SERVER)/$(OWNER)/$(IMG_NAME):$(TAG)
	

# Not a target:
Makefile:
#  Implicit rule search has been done.
#  Last modified 2022-06-06 16:51:53
#  File has been updated.
#  Successfully updated.
# variable set hash-table stats:
# Load=0/32=0%, Rehash=0, Collisions=0/0=0%

render-charts:
#  Phony target (prerequisite of .PHONY).
#  Implicit rule search has not been done.
#  File does not exist.
#  File has not been updated.
#  commands to execute (from `Makefile', line 83):
	./contrib/create-static-manifest.sh
	./contrib/create-static-manifest.sh ./chart/faas-share ./yaml_arm64 ./chart/faas-share/values-arm64.yaml
 
	./contrib/create-static-manifest.sh ./chart/faas-share ./yaml_armhf ./chart/faas-share/values-armhf.yaml
	

build:
#  Phony target (prerequisite of .PHONY).
#  Implicit rule search has not been done.
#  File does not exist.
#  File has not been updated.

update-codegen: /Users/puxuan/go/pkg/mod/k8s.io/code-generator@
#  Phony target (prerequisite of .PHONY).
#  Implicit rule search has not been done.
#  File does not exist.
#  File has not been updated.
#  commands to execute (from `Makefile', line 99):
	./hack/update-codegen.sh
	

.tools/code-generator.mod: go.mod
#  Implicit rule search has not been done.
#  Modification time never checked.
#  File has not been updated.
#  commands to execute (from `Makefile', line 22):
	@echo "syncing code-generator tooling version"
	@cd $(TOOLS_DIR) && go mod edit -require "k8s.io/code-generator@${CODEGEN_VERSION}"
	

namespaces:
#  Phony target (prerequisite of .PHONY).
#  Implicit rule search has not been done.
#  File does not exist.
#  File has not been updated.

start-kind:
#  Phony target (prerequisite of .PHONY).
#  Implicit rule search has not been done.
#  File does not exist.
#  File has not been updated.
#  commands to execute (from `Makefile', line 88):
	@./contrib/create_dev.sh
	

# Not a target:
.DEFAULT:
#  Implicit rule search has not been done.
#  Modification time never checked.
#  File has not been updated.

charts:
#  Phony target (prerequisite of .PHONY).
#  Implicit rule search has not been done.
#  File does not exist.
#  File has not been updated.
#  commands to execute (from `Makefile', line 77):
	cd chart && helm package faas-share/ && helm package kafka-connector/ && helm package cron-connector/ && helm package nats-connector/ && helm package mqtt-connector/ && helm package pro-builder/  && helm package sqs-connector/
	mv chart/*.tgz docs/
	helm repo index docs --url https://interstellarss.github.io/faas-share --merge ./docs/index.yaml
	./contrib/create-static-manifest.sh
	

build-docker:
#  Implicit rule search has not been done.
#  Implicit/static pattern stem: `'
#  File does not exist.
#  File has been updated.
#  Needs to be updated (-q is set).
# automatic
# @ := build-docker
# automatic
# % := 
# automatic
# * := 
# automatic
# + := 
# automatic
# | := 
# automatic
# < := 
# automatic
# ^ := 
# automatic
# ? := 
# variable set hash-table stats:
# Load=8/32=25%, Rehash=0, Collisions=1/16=6%
#  commands to execute (from `Makefile', line 33):
	docker build \
	--build-arg GIT_COMMIT=$(GIT_COMMIT) \
	--build-arg VERSION=$(VERSION) \
	-t $(SERVER)/$(OWNER)/$(IMG_NAME):$(TAG) .
	

build-buildx:
#  Phony target (prerequisite of .PHONY).
#  Implicit rule search has not been done.
#  File does not exist.
#  File has not been updated.
#  commands to execute (from `Makefile', line 40):
	@echo $(SERVER)/$(OWNER)/$(IMG_NAME):$(TAG) && \
	docker buildx create --use --name=multiarch --node=multiarch && \
	docker buildx build \
	--push \
	--platform linux/amd64 \
	--build-arg GIT_COMMIT=$(GIT_COMMIT) \
	--build-arg VERSION=$(VERSION) \
	--tag $(SERVER)/$(OWNER)/$(IMG_NAME):$(TAG) \
	.
	

verify-codegen: /Users/puxuan/go/pkg/mod/k8s.io/code-generator@
#  Phony target (prerequisite of .PHONY).
#  Implicit rule search has not been done.
#  File does not exist.
#  File has not been updated.
#  commands to execute (from `Makefile', line 95):
	./hack/verify-codegen.sh
	

# Not a target:
go.mod:
#  Implicit rule search has not been done.
#  Modification time never checked.
#  File has not been updated.

build-buildx-all:
#  Phony target (prerequisite of .PHONY).
#  Implicit rule search has not been done.
#  File does not exist.
#  File has not been updated.
#  commands to execute (from `Makefile', line 52):
	@docker buildx create --use --name=multiarch --node=multiarch && \
	docker buildx build \
	--platform linux/amd64,linux/arm/v7,linux/arm64 \
	--output "type=image,push=false" \
	--build-arg GIT_COMMIT=$(GIT_COMMIT) \
	--build-arg VERSION=$(VERSION) \
	--tag $(SERVER)/$(OWNER)/$(IMG_NAME):$(TAG) \
	.
	

install:
#  Phony target (prerequisite of .PHONY).
#  Implicit rule search has not been done.
#  File does not exist.
#  File has not been updated.

# files hash-table stats:
# Load=23/1024=2%, Rehash=0, Collisions=2/62=3%
# VPATH Search Paths

# No `vpath' search paths.

# No general (`VPATH' variable) search path.

# # of strings in strcache: 1
# # of strcache buffers: 1
# strcache size: total = 4096 / max = 4096 / min = 4096 / avg = 4096
# strcache free: total = 4087 / max = 4087 / min = 4087 / avg = 4087

# Finished Make data base on Wed Jun  8 16:36:25 2022

 
